This is pdfTeX, Version 3.14159265-2.6-1.40.19 (TeX Live 2018) (preloaded format=pdflatex 2019.2.17)  6 APR 2019 22:02
entering extended mode
 restricted \write18 enabled.
 file:line:error style messages enabled.
 %&-line parsing enabled.
**main.tex
(./main.tex
LaTeX2e <2018-12-01>
(/usr/local/texlive/2016basic/texmf-dist/tex/latex/base/book.cls
Document Class: book 2018/09/03 v1.4i Standard LaTeX document class
(/usr/local/texlive/2016basic/texmf-dist/tex/latex/base/bk12.clo
File: bk12.clo 2018/09/03 v1.4i Standard LaTeX file (size option)
)
\c@part=\count80
\c@chapter=\count81
\c@section=\count82
\c@subsection=\count83
\c@subsubsection=\count84
\c@paragraph=\count85
\c@subparagraph=\count86
\c@figure=\count87
\c@table=\count88
\abovecaptionskip=\skip41
\belowcaptionskip=\skip42
\bibindent=\dimen102
)
(/usr/local/texlive/2016basic/texmf-dist/tex/latex/base/inputenc.sty
Package: inputenc 2018/08/11 v1.3c Input encoding file
\inpenc@prehook=\toks14
\inpenc@posthook=\toks15
)
(/usr/local/texlive/2016basic/texmf-dist/tex/latex/base/fontenc.sty
Package: fontenc 2018/08/11 v2.0j Standard LaTeX package

(/usr/local/texlive/2016basic/texmf-dist/tex/latex/base/t1enc.def
File: t1enc.def 2018/08/11 v2.0j Standard LaTeX file
LaTeX Font Info:    Redeclaring font encoding T1 on input line 48.
))
(/usr/local/texlive/2016basic/texmf-dist/tex/latex/import/import.sty
Package: import 2009/03/23  v 5.1
)
(/usr/local/texlive/2016basic/texmf-dist/tex/latex/geometry/geometry.sty
Package: geometry 2018/04/16 v5.8 Page Geometry

(/usr/local/texlive/2016basic/texmf-dist/tex/latex/graphics/keyval.sty
Package: keyval 2014/10/28 v1.15 key=value parser (DPC)
\KV@toks@=\toks16
)
(/usr/local/texlive/2016basic/texmf-dist/tex/generic/oberdiek/ifpdf.sty
Package: ifpdf 2018/09/07 v3.3 Provides the ifpdf switch
)
(/usr/local/texlive/2016basic/texmf-dist/tex/generic/oberdiek/ifvtex.sty
Package: ifvtex 2016/05/16 v1.6 Detect VTeX and its facilities (HO)
Package ifvtex Info: VTeX not detected.
)
(/usr/local/texlive/2016basic/texmf-dist/tex/generic/ifxetex/ifxetex.sty
Package: ifxetex 2010/09/12 v0.6 Provides ifxetex conditional
)
\Gm@cnth=\count89
\Gm@cntv=\count90
\c@Gm@tempcnt=\count91
\Gm@bindingoffset=\dimen103
\Gm@wd@mp=\dimen104
\Gm@odd@mp=\dimen105
\Gm@even@mp=\dimen106
\Gm@layoutwidth=\dimen107
\Gm@layoutheight=\dimen108
\Gm@layouthoffset=\dimen109
\Gm@layoutvoffset=\dimen110
\Gm@dimlist=\toks17
)
(/usr/local/texlive/2016basic/texmf-dist/tex/latex/xcolor/xcolor.sty
Package: xcolor 2016/05/11 v2.12 LaTeX color extensions (UK)

(/usr/local/texlive/2016basic/texmf-dist/tex/latex/graphics-cfg/color.cfg
File: color.cfg 2016/01/02 v1.6 sample color configuration
)
Package xcolor Info: Driver file: pdftex.def on input line 225.

(/usr/local/texlive/2016basic/texmf-dist/tex/latex/graphics-def/pdftex.def
File: pdftex.def 2018/01/08 v1.0l Graphics/color driver for pdftex
)
Package xcolor Info: Model `cmy' substituted by `cmy0' on input line 1348.
Package xcolor Info: Model `hsb' substituted by `rgb' on input line 1352.
Package xcolor Info: Model `RGB' extended on input line 1364.
Package xcolor Info: Model `HTML' substituted by `rgb' on input line 1366.
Package xcolor Info: Model `Hsb' substituted by `hsb' on input line 1367.
Package xcolor Info: Model `tHsb' substituted by `hsb' on input line 1368.
Package xcolor Info: Model `HSB' substituted by `hsb' on input line 1369.
Package xcolor Info: Model `Gray' substituted by `gray' on input line 1370.
Package xcolor Info: Model `wave' substituted by `hsb' on input line 1371.
)
(/usr/local/texlive/2016basic/texmf-dist/tex/latex/hyperref/hyperref.sty
Package: hyperref 2018/11/30 v6.88e Hypertext links for LaTeX

(/usr/local/texlive/2016basic/texmf-dist/tex/generic/oberdiek/hobsub-hyperref.s
ty
Package: hobsub-hyperref 2016/05/16 v1.14 Bundle oberdiek, subset hyperref (HO)


(/usr/local/texlive/2016basic/texmf-dist/tex/generic/oberdiek/hobsub-generic.st
y
Package: hobsub-generic 2016/05/16 v1.14 Bundle oberdiek, subset generic (HO)
Package: hobsub 2016/05/16 v1.14 Construct package bundles (HO)
Package: infwarerr 2016/05/16 v1.4 Providing info/warning/error messages (HO)
Package: ltxcmds 2016/05/16 v1.23 LaTeX kernel commands for general use (HO)
Package: ifluatex 2016/05/16 v1.4 Provides the ifluatex switch (HO)
Package ifluatex Info: LuaTeX not detected.
Package hobsub Info: Skipping package `ifvtex' (already loaded).
Package: intcalc 2016/05/16 v1.2 Expandable calculations with integers (HO)
Package hobsub Info: Skipping package `ifpdf' (already loaded).
Package: etexcmds 2016/05/16 v1.6 Avoid name clashes with e-TeX commands (HO)
Package etexcmds Info: Could not find \expanded.
(etexcmds)             That can mean that you are not using pdfTeX 1.50 or
(etexcmds)             that some package has redefined \expanded.
(etexcmds)             In the latter case, load this package earlier.
Package: kvsetkeys 2016/05/16 v1.17 Key value parser (HO)
Package: kvdefinekeys 2016/05/16 v1.4 Define keys (HO)
Package: pdftexcmds 2018/09/10 v0.29 Utility functions of pdfTeX for LuaTeX (HO
)
Package pdftexcmds Info: LuaTeX not detected.
Package pdftexcmds Info: \pdf@primitive is available.
Package pdftexcmds Info: \pdf@ifprimitive is available.
Package pdftexcmds Info: \pdfdraftmode found.
Package: pdfescape 2016/05/16 v1.14 Implements pdfTeX's escape features (HO)
Package: bigintcalc 2016/05/16 v1.4 Expandable calculations on big integers (HO
)
Package: bitset 2016/05/16 v1.2 Handle bit-vector datatype (HO)
Package: uniquecounter 2016/05/16 v1.3 Provide unlimited unique counter (HO)
)
Package hobsub Info: Skipping package `hobsub' (already loaded).
Package: letltxmacro 2016/05/16 v1.5 Let assignment for LaTeX macros (HO)
Package: hopatch 2016/05/16 v1.3 Wrapper for package hooks (HO)
Package: xcolor-patch 2016/05/16 xcolor patch
Package: atveryend 2016/05/16 v1.9 Hooks at the very end of document (HO)
Package atveryend Info: \enddocument detected (standard20110627).
Package: atbegshi 2016/06/09 v1.18 At begin shipout hook (HO)
Package: refcount 2016/05/16 v3.5 Data extraction from label references (HO)
Package: hycolor 2016/05/16 v1.8 Color options for hyperref/bookmark (HO)
) (/usr/local/texlive/2016basic/texmf-dist/tex/latex/oberdiek/auxhook.sty
Package: auxhook 2016/05/16 v1.4 Hooks for auxiliary files (HO)
)
(/usr/local/texlive/2016basic/texmf-dist/tex/latex/oberdiek/kvoptions.sty
Package: kvoptions 2016/05/16 v3.12 Key value format for package options (HO)
)
\@linkdim=\dimen111
\Hy@linkcounter=\count92
\Hy@pagecounter=\count93

(/usr/local/texlive/2016basic/texmf-dist/tex/latex/hyperref/pd1enc.def
File: pd1enc.def 2018/11/30 v6.88e Hyperref: PDFDocEncoding definition (HO)
Now handling font encoding PD1 ...
... no UTF-8 mapping file for font encoding PD1
)
\Hy@SavedSpaceFactor=\count94

(/usr/local/texlive/2016basic/texmf-dist/tex/latex/latexconfig/hyperref.cfg
File: hyperref.cfg 2002/06/06 v1.2 hyperref configuration of TeXLive
)
Package hyperref Info: Option `unicode' set `true' on input line 4393.

(/usr/local/texlive/2016basic/texmf-dist/tex/latex/hyperref/puenc.def
File: puenc.def 2018/11/30 v6.88e Hyperref: PDF Unicode definition (HO)
Now handling font encoding PU ...
... no UTF-8 mapping file for font encoding PU
)
Package hyperref Info: Option `bookmarks' set `true' on input line 4393.
Package hyperref Info: Option `bookmarksnumbered' set `false' on input line 439
3.
Package hyperref Info: Option `bookmarksopen' set `false' on input line 4393.
Package hyperref Info: Option `breaklinks' set `true' on input line 4393.
Package hyperref Info: Option `colorlinks' set `false' on input line 4393.
Package hyperref Info: Hyper figures OFF on input line 4519.
Package hyperref Info: Link nesting OFF on input line 4524.
Package hyperref Info: Hyper index ON on input line 4527.
Package hyperref Info: Plain pages OFF on input line 4534.
Package hyperref Info: Backreferencing OFF on input line 4539.
Package hyperref Info: Implicit mode ON; LaTeX internals redefined.
Package hyperref Info: Bookmarks ON on input line 4772.
\c@Hy@tempcnt=\count95

(/usr/local/texlive/2016basic/texmf-dist/tex/latex/url/url.sty
\Urlmuskip=\muskip10
Package: url 2013/09/16  ver 3.4  Verb mode for urls, etc.
)
LaTeX Info: Redefining \url on input line 5125.
\XeTeXLinkMargin=\dimen112
\Fld@menulength=\count96
\Field@Width=\dimen113
\Fld@charsize=\dimen114
Package hyperref Info: Hyper figures OFF on input line 6380.
Package hyperref Info: Link nesting OFF on input line 6385.
Package hyperref Info: Hyper index ON on input line 6388.
Package hyperref Info: backreferencing OFF on input line 6395.
Package hyperref Info: Link coloring OFF on input line 6400.
Package hyperref Info: Link coloring with OCG OFF on input line 6405.
Package hyperref Info: PDF/A mode OFF on input line 6410.
LaTeX Info: Redefining \ref on input line 6450.
LaTeX Info: Redefining \pageref on input line 6454.
\Hy@abspage=\count97
\c@Item=\count98
\c@Hfootnote=\count99
)
Package hyperref Info: Driver (autodetected): hpdftex.

(/usr/local/texlive/2016basic/texmf-dist/tex/latex/hyperref/hpdftex.def
File: hpdftex.def 2018/11/30 v6.88e Hyperref driver for pdfTeX
\Fld@listcount=\count100
\c@bookmark@seq@number=\count101

(/usr/local/texlive/2016basic/texmf-dist/tex/latex/oberdiek/rerunfilecheck.sty
Package: rerunfilecheck 2016/05/16 v1.8 Rerun checks for auxiliary files (HO)
Package uniquecounter Info: New unique counter `rerunfilecheck' on input line 2
82.
)
\Hy@SectionHShift=\skip43
)
(/usr/local/texlive/2016basic/texmf-dist/tex/latex/glossaries/base/glossaries.s
ty
Package: glossaries 2019/01/06 v4.42 (NLCT)
 (/usr/local/texlive/2016basic/texmf-dist/tex/latex/base/ifthen.sty
Package: ifthen 2014/09/29 v1.1c Standard LaTeX ifthen package (DPC)
)
(/usr/local/texlive/2016basic/texmf-dist/tex/latex/xkeyval/xkeyval.sty
Package: xkeyval 2014/12/03 v2.7a package option processing (HA)

(/usr/local/texlive/2016basic/texmf-dist/tex/generic/xkeyval/xkeyval.tex
(/usr/local/texlive/2016basic/texmf-dist/tex/generic/xkeyval/xkvutils.tex
\XKV@toks=\toks18
\XKV@tempa@toks=\toks19
)
\XKV@depth=\count102
File: xkeyval.tex 2014/12/03 v2.7a key=value parser (HA)
))
(/usr/local/texlive/2016basic/texmf-dist/tex/latex/mfirstuc/mfirstuc.sty
Package: mfirstuc 2017/11/14 v2.06 (NLCT)

(/usr/local/texlive/2016basic/texmf-dist/tex/latex/etoolbox/etoolbox.sty
Package: etoolbox 2018/08/19 v2.5f e-TeX tools for LaTeX (JAW)
\etb@tempcnta=\count103
)
\@glsmfirst=\toks20
\@glsmrest=\toks21
)
(/usr/local/texlive/2016basic/texmf-dist/tex/latex/textcase/textcase.sty
Package: textcase 2004/10/07 v0.07 Text only upper/lower case changing (DPC)
)
(/usr/local/texlive/2016basic/texmf-dist/tex/latex/xfor/xfor.sty
Package: xfor 2009/02/05 v1.05 (NLCT)
)
(/usr/local/texlive/2016basic/texmf-dist/tex/latex/datatool/datatool-base.sty
Package: datatool-base 2018/12/07 v2.31 (NLCT)

(/usr/local/texlive/2016basic/texmf-dist/tex/latex/amsmath/amsmath.sty
Package: amsmath 2018/12/01 v2.17b AMS math features
\@mathmargin=\skip44

For additional information on amsmath, use the `?' option.
(/usr/local/texlive/2016basic/texmf-dist/tex/latex/amsmath/amstext.sty
Package: amstext 2000/06/29 v2.01 AMS text

(/usr/local/texlive/2016basic/texmf-dist/tex/latex/amsmath/amsgen.sty
File: amsgen.sty 1999/11/30 v2.0 generic functions
\@emptytoks=\toks22
\ex@=\dimen115
))
(/usr/local/texlive/2016basic/texmf-dist/tex/latex/amsmath/amsbsy.sty
Package: amsbsy 1999/11/29 v1.2d Bold Symbols
\pmbraise@=\dimen116
)
(/usr/local/texlive/2016basic/texmf-dist/tex/latex/amsmath/amsopn.sty
Package: amsopn 2016/03/08 v2.02 operator names
)
\inf@bad=\count104
LaTeX Info: Redefining \frac on input line 223.
\uproot@=\count105
\leftroot@=\count106
LaTeX Info: Redefining \overline on input line 385.
\classnum@=\count107
\DOTSCASE@=\count108
LaTeX Info: Redefining \ldots on input line 482.
LaTeX Info: Redefining \dots on input line 485.
LaTeX Info: Redefining \cdots on input line 606.
\Mathstrutbox@=\box27
\strutbox@=\box28
\big@size=\dimen117
LaTeX Font Info:    Redeclaring font encoding OML on input line 729.
LaTeX Font Info:    Redeclaring font encoding OMS on input line 730.
\macc@depth=\count109
\c@MaxMatrixCols=\count110
\dotsspace@=\muskip11
\c@parentequation=\count111
\dspbrk@lvl=\count112
\tag@help=\toks23
\row@=\count113
\column@=\count114
\maxfields@=\count115
\andhelp@=\toks24
\eqnshift@=\dimen118
\alignsep@=\dimen119
\tagshift@=\dimen120
\tagwidth@=\dimen121
\totwidth@=\dimen122
\lineht@=\dimen123
\@envbody=\toks25
\multlinegap=\skip45
\multlinetaggap=\skip46
\mathdisplay@stack=\toks26
LaTeX Info: Redefining \[ on input line 2844.
LaTeX Info: Redefining \] on input line 2845.
)
(/usr/local/texlive/2016basic/texmf-dist/tex/latex/substr/substr.sty
Package: substr 2009/10/20 v1.2 Handle substrings
\c@su@anzahl=\count116
)
(/usr/local/texlive/2016basic/texmf-dist/tex/latex/datatool/datatool-fp.sty
Package: datatool-fp 2018/12/07 v2.31 (NLCT)

(/usr/local/texlive/2016basic/texmf-dist/tex/latex/fp/fp.sty
Package: fp 1995/04/02

`Fixed Point Package', Version 0.8, April 2, 1995 (C) Michael Mehlich
(/usr/local/texlive/2016basic/texmf-dist/tex/latex/fp/defpattern.sty
Package: defpattern 1994/10/12
\actioncount=\count117
)
(/usr/local/texlive/2016basic/texmf-dist/tex/latex/fp/fp-basic.sty
Package: fp-basic 1996/05/13
\FP@xs=\count118
\FP@xia=\count119
\FP@xib=\count120
\FP@xfa=\count121
\FP@xfb=\count122
\FP@rega=\count123
\FP@regb=\count124
\FP@regs=\count125
\FP@times=\count126
)
(/usr/local/texlive/2016basic/texmf-dist/tex/latex/fp/fp-addons.sty
Package: fp-addons 1995/03/15
)
(/usr/local/texlive/2016basic/texmf-dist/tex/latex/fp/fp-snap.sty
Package: fp-snap 1995/04/05
)
(/usr/local/texlive/2016basic/texmf-dist/tex/latex/fp/fp-exp.sty
Package: fp-exp 1995/04/03
)
(/usr/local/texlive/2016basic/texmf-dist/tex/latex/fp/fp-trigo.sty
Package: fp-trigo 1995/04/14
)
(/usr/local/texlive/2016basic/texmf-dist/tex/latex/fp/fp-pas.sty
Package: fp-pas 1994/08/29
)
(/usr/local/texlive/2016basic/texmf-dist/tex/latex/fp/fp-random.sty
Package: fp-random 1995/02/23
\FPseed=\count127
)
(/usr/local/texlive/2016basic/texmf-dist/tex/latex/fp/fp-eqn.sty
Package: fp-eqn 1995/04/03
)
(/usr/local/texlive/2016basic/texmf-dist/tex/latex/fp/fp-upn.sty
Package: fp-upn 1996/10/21
)
(/usr/local/texlive/2016basic/texmf-dist/tex/latex/fp/fp-eval.sty
Package: fp-eval 1995/04/03
)))
\@dtl@toks=\toks27
\@dtl@tmpcount=\count128
\dtl@tmplength=\skip47
\dtl@sortresult=\count129
\@dtl@numgrpsepcount=\count130
\@dtl@datatype=\count131
\dtl@codeA=\count132
\dtl@codeB=\count133
\@dtl@foreach@level=\count134
)
(/usr/local/texlive/2016basic/texmf-dist/tex/latex/glossaries/base/glossaries-c
ompatible-307.sty
Package: glossaries-compatible-307 2019/01/06 v4.42 (NLCT)
)
\gls@level=\count135
\@gls@tmpb=\toks28
\gls@tmplen=\skip48
\glskeylisttok=\toks29
\glslabeltok=\toks30
\glsshorttok=\toks31
\glslongtok=\toks32

(/usr/local/texlive/2016basic/texmf-dist/tex/latex/glossaries/styles/glossary-h
ypernav.sty
Package: glossary-hypernav 2019/01/06 v4.42 (NLCT)
)
(/usr/local/texlive/2016basic/texmf-dist/tex/latex/glossaries/styles/glossary-l
ist.sty
Package: glossary-list 2019/01/06 v4.42 (NLCT)
\glslistdottedwidth=\skip49
)
(/usr/local/texlive/2016basic/texmf-dist/tex/latex/glossaries/styles/glossary-l
ong.sty
Package: glossary-long 2019/01/06 v4.42 (NLCT)
 (/usr/local/texlive/2016basic/texmf-dist/tex/latex/tools/longtable.sty
Package: longtable 2014/10/28 v4.11 Multi-page Table package (DPC)+ FMi change
\LTleft=\skip50
\LTright=\skip51
\LTpre=\skip52
\LTpost=\skip53
\LTchunksize=\count136
\LTcapwidth=\dimen124
\LT@head=\box29
\LT@firsthead=\box30
\LT@foot=\box31
\LT@lastfoot=\box32
\LT@cols=\count137
\LT@rows=\count138
\c@LT@tables=\count139
\c@LT@chunks=\count140
\LT@p@ftn=\toks33
)
\glsdescwidth=\skip54
\glspagelistwidth=\skip55
)
(/usr/local/texlive/2016basic/texmf-dist/tex/latex/glossaries/styles/glossary-t
ree.sty
Package: glossary-tree 2019/01/06 v4.42 (NLCT)
\glstreeindent=\skip56
)) (/usr/local/texlive/2016basic/texmf-dist/tex/generic/babel/babel.sty
Package: babel 2018/11/13 3.27 The Babel package

(/usr/local/texlive/2016basic/texmf-dist/tex/generic/babel/switch.def
File: switch.def 2018/11/13 3.27 Babel switching mechanism
)
(/usr/local/texlive/2016basic/texmf-dist/tex/generic/babel-english/english.ldf
Language: english 2017/06/06 v3.3r English support from the babel system

(/usr/local/texlive/2016basic/texmf-dist/tex/generic/babel/babel.def
File: babel.def 2018/11/13 3.27 Babel common definitions
\babel@savecnt=\count141
\U@D=\dimen125

(/usr/local/texlive/2016basic/texmf-dist/tex/generic/babel/txtbabel.def)
\bbl@dirlevel=\count142
)
\l@canadian = a dialect from \language\l@american 
\l@australian = a dialect from \language\l@british 
\l@newzealand = a dialect from \language\l@british 
))
(/usr/local/texlive/2016basic/texmf-dist/tex/latex/csquotes/csquotes.sty
Package: csquotes 2018/04/13 v5.2d context-sensitive quotations (JAW)
\csq@reset=\count143
\csq@gtype=\count144
\csq@glevel=\count145
\csq@qlevel=\count146
\csq@maxlvl=\count147
\csq@tshold=\count148
\csq@ltx@everypar=\toks34

(/usr/local/texlive/2016basic/texmf-dist/tex/latex/csquotes/csquotes.def
File: csquotes.def 2018/04/13 v5.2d csquotes generic definitions (JAW)
)
Package csquotes Info: Trying to load configuration file 'csquotes.cfg'...
Package csquotes Info: ... configuration file loaded successfully.

(/usr/local/texlive/2016basic/texmf-dist/tex/latex/csquotes/csquotes.cfg
File: csquotes.cfg 
))
(/usr/local/texlive/2016basic/texmf-dist/tex/latex/biblatex/biblatex.sty
Package: biblatex 2018/11/02 v3.12 programmable bibliographies (PK/MW)

(/usr/local/texlive/2016basic/texmf-dist/tex/latex/logreq/logreq.sty
Package: logreq 2010/08/04 v1.0 xml request logger
\lrq@indent=\count149

(/usr/local/texlive/2016basic/texmf-dist/tex/latex/logreq/logreq.def
File: logreq.def 2010/08/04 v1.0 logreq spec v1.0
))
\c@tabx@nest=\count150
\c@listtotal=\count151
\c@listcount=\count152
\c@liststart=\count153
\c@liststop=\count154
\c@citecount=\count155
\c@citetotal=\count156
\c@multicitecount=\count157
\c@multicitetotal=\count158
\c@instcount=\count159
\c@maxnames=\count160
\c@minnames=\count161
\c@maxitems=\count162
\c@minitems=\count163
\c@citecounter=\count164
\c@maxcitecounter=\count165
\c@savedcitecounter=\count166
\c@uniquelist=\count167
\c@uniquename=\count168
\c@refsection=\count169
\c@refsegment=\count170
\c@maxextratitle=\count171
\c@maxextratitleyear=\count172
\c@maxextraname=\count173
\c@maxextradate=\count174
\c@maxextraalpha=\count175
\c@abbrvpenalty=\count176
\c@highnamepenalty=\count177
\c@lownamepenalty=\count178
\c@maxparens=\count179
\c@parenlevel=\count180
\blx@tempcnta=\count181
\blx@tempcntb=\count182
\blx@tempcntc=\count183
\blx@maxsection=\count184
\blx@maxsegment@0=\count185
\blx@notetype=\count186
\blx@parenlevel@text=\count187
\blx@parenlevel@foot=\count188
\blx@sectionciteorder@0=\count189
\blx@entrysetcounter=\count190
\labelnumberwidth=\skip57
\labelalphawidth=\skip58
\biblabelsep=\skip59
\bibitemsep=\skip60
\bibnamesep=\skip61
\bibinitsep=\skip62
\bibparsep=\skip63
\bibhang=\skip64
\blx@bcfin=\read1
\blx@bcfout=\write3
\c@mincomprange=\count191
\c@maxcomprange=\count192
\c@mincompwidth=\count193
Package biblatex Info: Trying to load biblatex default data model...
Package biblatex Info: ... file 'blx-dm.def' found.

(/usr/local/texlive/2016basic/texmf-dist/tex/latex/biblatex/blx-dm.def
File: blx-dm.def 2018/11/02 v3.12 biblatex localization (PK/MW)
)
Package biblatex Info: Trying to load biblatex style data model...
Package biblatex Info: ... file 'apa.dbx' found.

(/usr/local/texlive/2016basic/texmf-dist/tex/latex/biblatex-apa/apa.dbx
File: apa.dbx 2018/04/02 v7.7 APA biblatex style data model
)
Package biblatex Info: Trying to load biblatex custom data model...
Package biblatex Info: ... file 'biblatex-dm.cfg' not found.
\c@afterword=\count194
\c@savedafterword=\count195
\c@annotator=\count196
\c@savedannotator=\count197
\c@author=\count198
\c@savedauthor=\count199
\c@bookauthor=\count266
\c@savedbookauthor=\count267
\c@commentator=\count268
\c@savedcommentator=\count269
\c@editor=\count270
\c@savededitor=\count271
\c@editora=\count272
\c@savededitora=\count273
\c@editorb=\count274
\c@savededitorb=\count275
\c@editorc=\count276
\c@savededitorc=\count277
\c@foreword=\count278
\c@savedforeword=\count279
\c@holder=\count280
\c@savedholder=\count281
\c@introduction=\count282
\c@savedintroduction=\count283
\c@namea=\count284
\c@savednamea=\count285
\c@nameb=\count286
\c@savednameb=\count287
\c@namec=\count288
\c@savednamec=\count289
\c@translator=\count290
\c@savedtranslator=\count291
\c@shortauthor=\count292
\c@savedshortauthor=\count293
\c@shorteditor=\count294
\c@savedshorteditor=\count295
\c@with=\count296
\c@savedwith=\count297
\c@writer=\count298
\c@savedwriter=\count299
\c@producer=\count300
\c@savedproducer=\count301
\c@execproducer=\count302
\c@savedexecproducer=\count303
\c@director=\count304
\c@saveddirector=\count305
\c@labelname=\count306
\c@savedlabelname=\count307
\c@institution=\count308
\c@savedinstitution=\count309
\c@lista=\count310
\c@savedlista=\count311
\c@listb=\count312
\c@savedlistb=\count313
\c@listc=\count314
\c@savedlistc=\count315
\c@listd=\count316
\c@savedlistd=\count317
\c@liste=\count318
\c@savedliste=\count319
\c@listf=\count320
\c@savedlistf=\count321
\c@location=\count322
\c@savedlocation=\count323
\c@organization=\count324
\c@savedorganization=\count325
\c@origlocation=\count326
\c@savedoriglocation=\count327
\c@origpublisher=\count328
\c@savedorigpublisher=\count329
\c@publisher=\count330
\c@savedpublisher=\count331
\c@language=\count332
\c@savedlanguage=\count333
\c@origlanguage=\count334
\c@savedoriglanguage=\count335
\c@pageref=\count336
\c@savedpageref=\count337
\shorthandwidth=\skip65
\shortjournalwidth=\skip66
\shortserieswidth=\skip67
\shorttitlewidth=\skip68
\shortauthorwidth=\skip69
\shorteditorwidth=\skip70
\locallabelnumberwidth=\skip71
\locallabelalphawidth=\skip72
\localshorthandwidth=\skip73
\localshortjournalwidth=\skip74
\localshortserieswidth=\skip75
\localshorttitlewidth=\skip76
\localshortauthorwidth=\skip77
\localshorteditorwidth=\skip78
Package biblatex Info: Trying to load compatibility code...
Package biblatex Info: ... file 'blx-compat.def' found.

(/usr/local/texlive/2016basic/texmf-dist/tex/latex/biblatex/blx-compat.def
File: blx-compat.def 2018/11/02 v3.12 biblatex compatibility (PK/MW)
)
Package biblatex Info: Trying to load generic definitions...
Package biblatex Info: ... file 'biblatex.def' found.

(/usr/local/texlive/2016basic/texmf-dist/tex/latex/biblatex/biblatex.def
File: biblatex.def 2018/11/02 v3.12 biblatex compatibility (PK/MW)
\c@textcitecount=\count338
\c@textcitetotal=\count339
\c@textcitemaxnames=\count340
\c@biburlnumpenalty=\count341
\c@biburlucpenalty=\count342
\c@biburllcpenalty=\count343
\c@smartand=\count344
)
Package biblatex Info: Trying to load bibliography style 'apa'...
Package biblatex Info: ... file 'apa.bbx' found.

(/usr/local/texlive/2016basic/texmf-dist/tex/latex/biblatex-apa/apa.bbx
File: apa.bbx 2018/04/02 v7.7 APA biblatex references style
Package biblatex Info: Trying to load bibliography style 'standard'...
Package biblatex Info: ... file 'standard.bbx' found.

(/usr/local/texlive/2016basic/texmf-dist/tex/latex/biblatex/bbx/standard.bbx
File: standard.bbx 2018/11/02 v3.12 biblatex bibliography style (PK/MW)
\c@bbx:relatedcount=\count345
\c@bbx:relatedtotal=\count346
))
Package biblatex Info: Trying to load citation style 'apa'...
Package biblatex Info: ... file 'apa.cbx' found.

(/usr/local/texlive/2016basic/texmf-dist/tex/latex/biblatex-apa/apa.cbx
File: apa.cbx 2018/04/02 v7.7 APA biblatex citation style
Package biblatex Info: Delimiter 'nameyeardelim' in context '' already defined,
 overwriting.
Package biblatex Info: Delimiter 'nameyeardelim' in context 'textcite' already 
defined, overwriting.
Package biblatex Info: Delimiter 'andothersdelim' in context '' already defined
, overwriting.
Package biblatex Info: Redefining '\parencite'.
Package biblatex Info: Redefining '\fullcite'.
Package biblatex Info: Redefining '\citeyear'.
Package biblatex Info: Redefining '\cite'.
Package biblatex Info: Redefining '\footcite'.
Package biblatex Info: Redefining '\textcites'.
Package biblatex Info: Redefining '\textcite'.
Package biblatex Info: Redefining '\citeauthor'.
)
Package biblatex Info: Trying to load configuration file...
Package biblatex Info: ... file 'biblatex.cfg' found.

(/usr/local/texlive/2016basic/texmf-dist/tex/latex/biblatex/biblatex.cfg
File: biblatex.cfg 
))
(/usr/local/texlive/2016basic/texmf-dist/tex/latex/listings/listings.sty
\lst@mode=\count347
\lst@gtempboxa=\box33
\lst@token=\toks35
\lst@length=\count348
\lst@currlwidth=\dimen126
\lst@column=\count349
\lst@pos=\count350
\lst@lostspace=\dimen127
\lst@width=\dimen128
\lst@newlines=\count351
\lst@lineno=\count352
\lst@maxwidth=\dimen129

(/usr/local/texlive/2016basic/texmf-dist/tex/latex/listings/lstmisc.sty
File: lstmisc.sty 2018/09/02 1.7 (Carsten Heinz)
\c@lstnumber=\count353
\lst@skipnumbers=\count354
\lst@framebox=\box34
)
(/usr/local/texlive/2016basic/texmf-dist/tex/latex/listings/listings.cfg
File: listings.cfg 2018/09/02 1.7 listings configuration
))
Package: listings 2018/09/02 1.7 (Carsten Heinz)

(/usr/local/texlive/2016basic/texmf-dist/tex/latex/psnfss/times.sty
Package: times 2005/04/12 PSNFSS-v9.2a (SPQR) 
)
(/usr/local/texlive/2016basic/texmf-dist/tex/latex/graphics/lscape.sty
Package: lscape 2000/10/22 v3.01 Landscape Pages (DPC)

(/usr/local/texlive/2016basic/texmf-dist/tex/latex/graphics/graphics.sty
Package: graphics 2017/06/25 v1.2c Standard LaTeX Graphics (DPC,SPQR)

(/usr/local/texlive/2016basic/texmf-dist/tex/latex/graphics/trig.sty
Package: trig 2016/01/03 v1.10 sin cos tan (DPC)
)
(/usr/local/texlive/2016basic/texmf-dist/tex/latex/graphics-cfg/graphics.cfg
File: graphics.cfg 2016/06/04 v1.11 sample graphics configuration
)
Package graphics Info: Driver file: pdftex.def on input line 99.
)) (/usr/local/texlive/2016basic/texmf-dist/tex/latex/placeins/placeins.sty
Package: placeins 2005/04/18  v 2.2
)
(/usr/local/texlive/2016basic/texmf-dist/tex/latex/graphics/graphicx.sty
Package: graphicx 2017/06/01 v1.1a Enhanced LaTeX Graphics (DPC,SPQR)
\Gin@req@height=\dimen130
\Gin@req@width=\dimen131
)
(/usr/local/texlive/2016basic/texmf-dist/tex/latex/l3packages/xparse/xparse.sty
(/usr/local/texlive/2016basic/texmf-dist/tex/latex/l3kernel/expl3.sty
Package: expl3 2019-01-28 L3 programming layer (loader) 

(/usr/local/texlive/2016basic/texmf-dist/tex/latex/l3kernel/expl3-code.tex
Package: expl3 2019-01-28 L3 programming layer (code)
\c_max_int=\count355
\l_tmpa_int=\count356
\l_tmpb_int=\count357
\g_tmpa_int=\count358
\g_tmpb_int=\count359
\g__kernel_prg_map_int=\count360
\c_log_iow=\count361
\l_iow_line_count_int=\count362
\l__iow_line_target_int=\count363
\l__iow_one_indent_int=\count364
\l__iow_indent_int=\count365
\c_zero_dim=\dimen132
\c_max_dim=\dimen133
\l_tmpa_dim=\dimen134
\l_tmpb_dim=\dimen135
\g_tmpa_dim=\dimen136
\g_tmpb_dim=\dimen137
\c_zero_skip=\skip79
\c_max_skip=\skip80
\l_tmpa_skip=\skip81
\l_tmpb_skip=\skip82
\g_tmpa_skip=\skip83
\g_tmpb_skip=\skip84
\c_zero_muskip=\muskip12
\c_max_muskip=\muskip13
\l_tmpa_muskip=\muskip14
\l_tmpb_muskip=\muskip15
\g_tmpa_muskip=\muskip16
\g_tmpb_muskip=\muskip17
\l_keys_choice_int=\count366
\l__intarray_loop_int=\count367
\c__intarray_sp_dim=\dimen138
\g__intarray_font_int=\count368
\c__fp_leading_shift_int=\count369
\c__fp_middle_shift_int=\count370
\c__fp_trailing_shift_int=\count371
\c__fp_big_leading_shift_int=\count372
\c__fp_big_middle_shift_int=\count373
\c__fp_big_trailing_shift_int=\count374
\c__fp_Bigg_leading_shift_int=\count375
\c__fp_Bigg_middle_shift_int=\count376
\c__fp_Bigg_trailing_shift_int=\count377
\c__kernel_randint_max_int=\count378
\g__fp_array_int=\count379
\l__fp_array_loop_int=\count380
\l__sort_length_int=\count381
\l__sort_min_int=\count382
\l__sort_top_int=\count383
\l__sort_max_int=\count384
\l__sort_true_max_int=\count385
\l__sort_block_int=\count386
\l__sort_begin_int=\count387
\l__sort_end_int=\count388
\l__sort_A_int=\count389
\l__sort_B_int=\count390
\l__sort_C_int=\count391
\l__tl_analysis_normal_int=\count392
\l__tl_analysis_index_int=\count393
\l__tl_analysis_nesting_int=\count394
\l__tl_analysis_type_int=\count395
\l__regex_internal_a_int=\count396
\l__regex_internal_b_int=\count397
\l__regex_internal_c_int=\count398
\l__regex_balance_int=\count399
\l__regex_group_level_int=\count400
\l__regex_mode_int=\count401
\c__regex_cs_in_class_mode_int=\count402
\c__regex_cs_mode_int=\count403
\l__regex_catcodes_int=\count404
\l__regex_default_catcodes_int=\count405
\c__regex_catcode_D_int=\count406
\c__regex_catcode_S_int=\count407
\c__regex_catcode_L_int=\count408
\c__regex_catcode_O_int=\count409
\c__regex_catcode_A_int=\count410
\c__regex_all_catcodes_int=\count411
\l__regex_show_lines_int=\count412
\l__regex_min_state_int=\count413
\l__regex_max_state_int=\count414
\l__regex_left_state_int=\count415
\l__regex_right_state_int=\count416
\l__regex_capturing_group_int=\count417
\l__regex_min_pos_int=\count418
\l__regex_max_pos_int=\count419
\l__regex_curr_pos_int=\count420
\l__regex_start_pos_int=\count421
\l__regex_success_pos_int=\count422
\l__regex_curr_char_int=\count423
\l__regex_curr_catcode_int=\count424
\l__regex_last_char_int=\count425
\l__regex_case_changed_char_int=\count426
\l__regex_curr_state_int=\count427
\l__regex_step_int=\count428
\l__regex_min_active_int=\count429
\l__regex_max_active_int=\count430
\l__regex_replacement_csnames_int=\count431
\l__regex_match_count_int=\count432
\l__regex_min_submatch_int=\count433
\l__regex_submatch_int=\count434
\l__regex_zeroth_submatch_int=\count435
\g__regex_trace_regex_int=\count436
\c_empty_box=\box35
\l_tmpa_box=\box36
\l_tmpb_box=\box37
\g_tmpa_box=\box38
\g_tmpb_box=\box39
\l__box_top_dim=\dimen139
\l__box_bottom_dim=\dimen140
\l__box_left_dim=\dimen141
\l__box_right_dim=\dimen142
\l__box_top_new_dim=\dimen143
\l__box_bottom_new_dim=\dimen144
\l__box_left_new_dim=\dimen145
\l__box_right_new_dim=\dimen146
\l__box_internal_box=\box40
\l__coffin_internal_box=\box41
\l__coffin_internal_dim=\dimen147
\l__coffin_offset_x_dim=\dimen148
\l__coffin_offset_y_dim=\dimen149
\l__coffin_x_dim=\dimen150
\l__coffin_y_dim=\dimen151
\l__coffin_x_prime_dim=\dimen152
\l__coffin_y_prime_dim=\dimen153
\c_empty_coffin=\box42
\l__coffin_aligned_coffin=\box43
\l__coffin_aligned_internal_coffin=\box44
\l_tmpa_coffin=\box45
\l_tmpb_coffin=\box46
\g_tmpa_coffin=\box47
\g_tmpb_coffin=\box48
\c__coffin_empty_coffin=\box49
\l__coffin_display_coffin=\box50
\l__coffin_display_coord_coffin=\box51
\l__coffin_display_pole_coffin=\box52
\l__coffin_display_offset_dim=\dimen154
\l__coffin_display_x_dim=\dimen155
\l__coffin_display_y_dim=\dimen156
\g__file_internal_ior=\read2
\l__coffin_bounding_shift_dim=\dimen157
\l__coffin_left_corner_dim=\dimen158
\l__coffin_right_corner_dim=\dimen159
\l__coffin_bottom_corner_dim=\dimen160
\l__coffin_top_corner_dim=\dimen161
\l__coffin_scaled_total_height_dim=\dimen162
\l__coffin_scaled_width_dim=\dimen163
\l__seq_internal_a_int=\count437
\l__seq_internal_b_int=\count438
)
(/usr/local/texlive/2016basic/texmf-dist/tex/latex/l3kernel/l3pdfmode.def
File: l3pdfmode.def 2019-01-28 v L3 Experimental driver: PDF mode
\l__driver_color_stack_int=\count439
))
Package: xparse 2018-10-17 L3 Experimental document command parser
\l__xparse_current_arg_int=\count440
\g__xparse_grabber_int=\count441
\l__xparse_m_args_int=\count442
\l__xparse_mandatory_args_int=\count443
\l__xparse_v_nesting_int=\count444
)
(/usr/local/texlive/2016basic/texmf-dist/tex/latex/fancyhdr/fancyhdr.sty
Package: fancyhdr 2019/01/31 v3.10 Extensive control of page headers and footer
s
\f@nch@headwidth=\skip85
\f@nch@O@elh=\skip86
\f@nch@O@erh=\skip87
\f@nch@O@olh=\skip88
\f@nch@O@orh=\skip89
\f@nch@O@elf=\skip90
\f@nch@O@erf=\skip91
\f@nch@O@olf=\skip92
\f@nch@O@orf=\skip93
)
(/usr/local/texlive/2016basic/texmf-dist/tex/latex/lipsum/lipsum.sty
Package: lipsum 2019/01/02 v2.2 150 paragraphs of Lorem Ipsum dummy text

(/usr/local/texlive/2016basic/texmf-dist/tex/latex/lipsum/lipsum.ltd.tex
File: lipsum.ltd.tex 2019/01/02 v2.2 The Lorem ipsum dummy text
))
(/usr/local/texlive/2016basic/texmf-dist/tex/latex/setspace/setspace.sty
Package: setspace 2011/12/19 v6.7a set line spacing
)
(/Users/federicocamarahalac/Documents/fd_work/text/waves/bin/glossary/definitio
ns.tex
\glswrite=\write4
\glo@main@file=\write5
\openout5 = `main.glo'.

Package glossaries Info: Writing glossary file main.glo on input line 3.
\glo@acronym@file=\write6
\openout6 = `main.acn'.

Package glossaries Info: Writing glossary file main.acn on input line 3.
)
Package csquotes Info: Checking for multilingual support...
Package csquotes Info: ... found 'babel' package.
Package csquotes Info: Adjusting default style.
Package csquotes Info: Redefining alias 'default' -> 'english'.
Package biblatex Info: Trying to load language 'english' -> 'english-apa'...
Package biblatex Info: ... file 'english-apa.lbx' found.

(/usr/local/texlive/2016basic/texmf-dist/tex/latex/biblatex-apa/english-apa.lbx
File: english-apa.lbx 2018/04/02 v7.7 APA biblatex localisation
Package biblatex Info: Trying to load language 'english'...
Package biblatex Info: ... file 'english.lbx' found.
(/usr/local/texlive/2016basic/texmf-dist/tex/latex/biblatex/lbx/english.lbx
File: english.lbx 2018/11/02 v3.12 biblatex localization (PK/MW)
)
Package biblatex Info: Trying to load language 'american' -> 'american-apa'...
Package biblatex Info: ... file 'american-apa.lbx' found.

(/usr/local/texlive/2016basic/texmf-dist/tex/latex/biblatex-apa/american-apa.lb
x
File: american-apa.lbx 2018/04/02 v7.7 APA biblatex localisation
Package biblatex Info: Trying to load language 'american'...
Package biblatex Info: ... file 'american.lbx' found.
 (/usr/local/texlive/2016basic/texmf-dist/tex/latex/biblatex/lbx/american.lbx
File: american.lbx 2018/11/02 v3.12 biblatex localization (PK/MW)
Package biblatex Info: Trying to load language 'english'...
Package biblatex Info: ... file 'english.lbx' found.

(/usr/local/texlive/2016basic/texmf-dist/tex/latex/biblatex/lbx/english.lbx
File: english.lbx 2018/11/02 v3.12 biblatex localization (PK/MW)
)))) (./main.aux)
\openout1 = `main.aux'.

LaTeX Font Info:    Checking defaults for OML/cmm/m/it on input line 262.
LaTeX Font Info:    ... okay on input line 262.
LaTeX Font Info:    Checking defaults for T1/cmr/m/n on input line 262.
LaTeX Font Info:    ... okay on input line 262.
LaTeX Font Info:    Checking defaults for OT1/cmr/m/n on input line 262.
LaTeX Font Info:    ... okay on input line 262.
LaTeX Font Info:    Checking defaults for OMS/cmsy/m/n on input line 262.
LaTeX Font Info:    ... okay on input line 262.
LaTeX Font Info:    Checking defaults for OMX/cmex/m/n on input line 262.
LaTeX Font Info:    ... okay on input line 262.
LaTeX Font Info:    Checking defaults for U/cmr/m/n on input line 262.
LaTeX Font Info:    ... okay on input line 262.
LaTeX Font Info:    Checking defaults for PD1/pdf/m/n on input line 262.
LaTeX Font Info:    ... okay on input line 262.
LaTeX Font Info:    Checking defaults for PU/pdf/m/n on input line 262.
LaTeX Font Info:    ... okay on input line 262.
LaTeX Font Info:    Try loading font information for T1+ptm on input line 262.

(/usr/local/texlive/2016basic/texmf-dist/tex/latex/psnfss/t1ptm.fd
File: t1ptm.fd 2001/06/04 font definitions for T1/ptm.
)
*geometry* driver: auto-detecting
*geometry* detected driver: pdftex
*geometry* verbose mode - [ preamble ] result:
* driver: pdftex
* paper: letterpaper
* layout: <same size as paper>
* layoutoffset:(h,v)=(0.0pt,0.0pt)
* modes: 
* h-part:(L,W,R)=(72.26999pt, 469.75502pt, 72.26999pt)
* v-part:(T,H,B)=(72.26999pt, 614.295pt, 108.405pt)
* \paperwidth=614.295pt
* \paperheight=794.96999pt
* \textwidth=469.75502pt
* \textheight=614.295pt
* \oddsidemargin=0.0pt
* \evensidemargin=0.0pt
* \topmargin=-31.8738pt
* \headheight=12.0pt
* \headsep=19.8738pt
* \topskip=12.0pt
* \footskip=35.99622pt
* \marginparwidth=47.0pt
* \marginparsep=7.0pt
* \columnsep=10.0pt
* \skip\footins=10.8pt plus 4.0pt minus 2.0pt
* \hoffset=0.0pt
* \voffset=0.0pt
* \mag=1000
* \@twocolumnfalse
* \@twosidefalse
* \@mparswitchfalse
* \@reversemarginfalse
* (1in=72.27pt=25.4mm, 1cm=28.453pt)

(/usr/local/texlive/2016basic/texmf-dist/tex/context/base/mkii/supp-pdf.mkii
[Loading MPS to PDF converter (version 2006.09.02).]
\scratchcounter=\count445
\scratchdimen=\dimen164
\scratchbox=\box53
\nofMPsegments=\count446
\nofMParguments=\count447
\everyMPshowfont=\toks36
\MPscratchCnt=\count448
\MPscratchDim=\dimen165
\MPnumerator=\count449
\makeMPintoPDFobject=\count450
\everyMPtoPDFconversion=\toks37
) (/usr/local/texlive/2016basic/texmf-dist/tex/latex/oberdiek/epstopdf-base.sty
Package: epstopdf-base 2016/05/15 v2.6 Base part for package epstopdf
(/usr/local/texlive/2016basic/texmf-dist/tex/latex/oberdiek/grfext.sty
Package: grfext 2016/05/16 v1.2 Manage graphics extensions (HO)
)
Package epstopdf-base Info: Redefining graphics rule for `.eps' on input line 4
38.
Package grfext Info: Graphics extension search list:
(grfext)             [.pdf,.png,.jpg,.mps,.jpeg,.jbig2,.jb2,.PDF,.PNG,.JPG,.JPE
G,.JBIG2,.JB2,.eps]
(grfext)             \AppendGraphicsExtensions on input line 456.

(/usr/local/texlive/2016basic/texmf-dist/tex/latex/latexconfig/epstopdf-sys.cfg
File: epstopdf-sys.cfg 2010/07/13 v1.3 Configuration of (r)epstopdf for TeX Liv
e
))
\AtBeginShipoutBox=\box54
Package hyperref Info: Link coloring OFF on input line 262.
 (/usr/local/texlive/2016basic/texmf-dist/tex/latex/hyperref/nameref.sty
Package: nameref 2016/05/21 v2.44 Cross-referencing by name of section

(/usr/local/texlive/2016basic/texmf-dist/tex/generic/oberdiek/gettitlestring.st
y
Package: gettitlestring 2016/05/16 v1.5 Cleanup title references (HO)
)
\c@section@level=\count451
)
LaTeX Info: Redefining \ref on input line 262.
LaTeX Info: Redefining \pageref on input line 262.
LaTeX Info: Redefining \nameref on input line 262.
 (./main.out) (./main.out)
\@outlinefile=\write7
\openout7 = `main.out'.

Package biblatex Info: Input encoding 'utf8' detected.
Package biblatex Info: Automatic encoding selection.
(biblatex)             Assuming data encoding 'utf8'.
Package biblatex Info: Input encoding 'ascii' forced by
(biblatex)             'safeinputenc' option.
\openout3 = `main.bcf'.

Package biblatex Info: Trying to load bibliographic data...
Package biblatex Info: ... file 'main.bbl' found.
 (./main.bbl
./main.bbl:8817: Illegal parameter number in definition of \NewValue.
<to be read again> 
                   n
l.8817 ...ontext-Aware Music Recommender Systems}}
                                                  
You meant to type ## instead of #, right?
Or maybe a } was forgotten somewhere earlier, and things
are all screwed up? I'm going to assume that you meant ##.

./main.bbl:8828: Illegal parameter number in definition of \abx@field@title.
<to be read again> 
                   n
l.8828     \endentry
                    
You meant to type ## instead of #, right?
Or maybe a } was forgotten somewhere earlier, and things
are all screwed up? I'm going to assume that you meant ##.

)
Package biblatex Info: Reference section=0 on input line 262.
Package biblatex Info: Reference segment=0 on input line 262.
\c@lstlisting=\count452
 [1

\openout4 = `main.ist'.



{/usr/local/texlive/2016basic/texmf-var/fonts/map/pdftex/updmap/pdftex.map}]
LaTeX Font Info:    Try loading font information for OMS+ptm on input line 306.

 (/usr/local/texlive/2016basic/texmf-dist/tex/latex/psnfss/omsptm.fd
File: omsptm.fd 
)
LaTeX Font Info:    Font shape `OMS/ptm/m/n' in size <12> not available
(Font)              Font shape `OMS/cmsy/m/n' tried instead on input line 306.
 [1]
</Users/federicocamarahalac/Documents/fd_work/text/waves/bin/img/dbtree.jpg, id
=252, 2128.95375pt x 2349.77875pt>
File: /Users/federicocamarahalac/Documents/fd_work/text/waves/bin/img/dbtree.jp
g Graphic file (type jpg)
<use /Users/federicocamarahalac/Documents/fd_work/text/waves/bin/img/dbtree.jpg
>
Package pdftex.def Info: /Users/federicocamarahalac/Documents/fd_work/text/wave
s/bin/img/dbtree.jpg  used on input line 318.
(pdftex.def)             Requested size: 469.75502pt x 518.45883pt.

Overfull \hbox (46.98853pt too wide) in paragraph at lines 318--319
[][] 
 []

pdfTeX warning (ext4): destination with the same identifier (name{page.}) has b
een already used, duplicate ignored
<to be read again> 
                   \relax 
l.319 \newpage
               [2 </Users/federicocamarahalac/Documents/fd_work/text/waves/bin/
img/dbtree.jpg>]
LaTeX Font Info:    Font shape `T1/ptm/bx/n' in size <24.88> not available
(Font)              Font shape `T1/ptm/b/n' tried instead on input line 344.
pdfTeX warning (ext4): destination with the same identifier (name{page.i}) has 
been already used, duplicate ignored
<to be read again> 
                   \relax 
l.346 \newpage
               [1


] [2

] [3

] [4] [5] (./main.toc
LaTeX Font Info:    Font shape `T1/ptm/bx/n' in size <12> not available
(Font)              Font shape `T1/ptm/b/n' tried instead on input line 10.
 [6

] [7])
\tf@toc=\write8
\openout8 = `main.toc'.

 [8] (./main.lof)
\tf@lof=\write9
\openout9 = `main.lof'.


[9



] (./main.lot)
\tf@lot=\write10
\openout10 = `main.lot'.

 [10



] [1


] [2] [3

] [4] [5] [6]
Overfull \hbox (6.37332pt too wide) in paragraph at lines 564--565
[]\T1/ptm/m/n/12 The databaser, which is the hu-man sub-ject in this case, be-g
ins res-onat-ing with the database,
 []

[7] [8] [9]
LaTeX Font Info:    Font shape `T1/ptm/bx/n' in size <10.95> not available
(Font)              Font shape `T1/ptm/b/n' tried instead on input line 611.
LaTeX Font Info:    Try loading font information for T1+pcr on input line 611.
 (/usr/local/texlive/2016basic/texmf-dist/tex/latex/psnfss/t1pcr.fd
File: t1pcr.fd 2001/06/04 font definitions for T1/pcr.
)
LaTeX Font Info:    Font shape `T1/pcr/bx/n' in size <10.95> not available
(Font)              Font shape `T1/pcr/b/n' tried instead on input line 611.

Overfull \hbox (12.83656pt too wide) in paragraph at lines 611--612
[]\T1/ptm/m/n/12 I use William Brent's [] ---timbre de-scrip-tion algorithms---
 and An-toine Villeret's
 []

[10] [11]
Chapter 1.
LaTeX Font Info:    Font shape `T1/ptm/bx/n' in size <17.28> not available
(Font)              Font shape `T1/ptm/b/n' tried instead on input line 692.
LaTeX Font Info:    Font shape `T1/ptm/bx/n' in size <14.4> not available
(Font)              Font shape `T1/ptm/b/n' tried instead on input line 706.
[12

] [13]
</Users/federicocamarahalac/Documents/fd_work/text/waves/bin/img/one-to-many.pn
g, id=487, 241.90375pt x 276.03125pt>
File: /Users/federicocamarahalac/Documents/fd_work/text/waves/bin/img/one-to-ma
ny.png Graphic file (type png)
<use /Users/federicocamarahalac/Documents/fd_work/text/waves/bin/img/one-to-man
y.png>
Package pdftex.def Info: /Users/federicocamarahalac/Documents/fd_work/text/wave
s/bin/img/one-to-many.png  used on input line 732.
(pdftex.def)             Requested size: 140.92793pt x 160.81424pt.
 [14 </Users/federicocamarahalac/Documents/fd_work/text/waves/bin/img/one-to-ma
ny.png>] [15] [16] [17] [18] [19] [20] [21] [22] [23]
Package hyperref Info: bookmark level for unknown lstlisting defaults to 0 on i
nput line 893.
 [24] [25]
[26] [27] [28] [29] [30]

LaTeX Warning: File `/Users/federicocamarahalac/Documents/fd_work/text/waves/bi
n/img/dbtree.png' not found on input line 1021.


./main.tex:1021: Package pdftex.def Error: File `/Users/federicocamarahalac/Doc
uments/fd_work/text/waves/bin/img/dbtree.png' not found: using draft setting.

See the pdftex.def package documentation for explanation.
Type  H <return>  for immediate help.
 ...                                              
                                                  
l.1021 }
        
Try typing  <return>  to proceed.
If that doesn't work, type  X <return>  to quit.

./main.tex:1021: Missing number, treated as zero.
<to be read again> 
                   j
l.1021 }
        
A number should have been here; I inserted `0'.
(If you can't figure out why I needed to see a number,
look up `weird error' in the index to The TeXbook.)

./main.tex:1021: Illegal unit of measure (pt inserted).
<to be read again> 
                   j
l.1021 }
        
Dimensions can be in units of em, ex, in, pt, pc,
cm, mm, dd, cc, nd, nc, bp, or sp; but yours is a new one!
I'll assume that you meant to say pt, for printer's points.
To recover gracefully from this error, it's best to
delete the erroneous units; e.g., type `2' to delete
two letters. (See Chapter 27 of The TeXbook.)

./main.tex:1021: Missing number, treated as zero.
<to be read again> 
                   \relax 
l.1021 }
        
A number should have been here; I inserted `0'.
(If you can't figure out why I needed to see a number,
look up `weird error' in the index to The TeXbook.)

./main.tex:1021: Illegal unit of measure (pt inserted).
<to be read again> 
                   \relax 
l.1021 }
        
Dimensions can be in units of em, ex, in, pt, pc,
cm, mm, dd, cc, nd, nc, bp, or sp; but yours is a new one!
I'll assume that you meant to say pt, for printer's points.
To recover gracefully from this error, it's best to
delete the erroneous units; e.g., type `2' to delete
two letters. (See Chapter 27 of The TeXbook.)

./main.tex:1021: Missing number, treated as zero.
<to be read again> 
                   j
l.1021 }
        
A number should have been here; I inserted `0'.
(If you can't figure out why I needed to see a number,
look up `weird error' in the index to The TeXbook.)

./main.tex:1021: Illegal unit of measure (pt inserted).
<to be read again> 
                   j
l.1021 }
        
Dimensions can be in units of em, ex, in, pt, pc,
cm, mm, dd, cc, nd, nc, bp, or sp; but yours is a new one!
I'll assume that you meant to say pt, for printer's points.
To recover gracefully from this error, it's best to
delete the erroneous units; e.g., type `2' to delete
two letters. (See Chapter 27 of The TeXbook.)

./main.tex:1021: Missing number, treated as zero.
<to be read again> 
                   \relax 
l.1021 }
        
A number should have been here; I inserted `0'.
(If you can't figure out why I needed to see a number,
look up `weird error' in the index to The TeXbook.)

./main.tex:1021: Illegal unit of measure (pt inserted).
<to be read again> 
                   \relax 
l.1021 }
        
Dimensions can be in units of em, ex, in, pt, pc,
cm, mm, dd, cc, nd, nc, bp, or sp; but yours is a new one!
I'll assume that you meant to say pt, for printer's points.
To recover gracefully from this error, it's best to
delete the erroneous units; e.g., type `2' to delete
two letters. (See Chapter 27 of The TeXbook.)

[31] [32] [33] [34] [35] [36]
</Users/federicocamarahalac/Documents/fd_work/text/waves/bin/img/hierarchical.p
ng, id=758, 212.795pt x 147.55125pt>
File: /Users/federicocamarahalac/Documents/fd_work/text/waves/bin/img/hierarchi
cal.png Graphic file (type png)
<use /Users/federicocamarahalac/Documents/fd_work/text/waves/bin/img/hierarchic
al.png>
Package pdftex.def Info: /Users/federicocamarahalac/Documents/fd_work/text/wave
s/bin/img/hierarchical.png  used on input line 1120.
(pdftex.def)             Requested size: 93.94957pt x 65.14563pt.
 [37 </Users/federicocamarahalac/Documents/fd_work/text/waves/bin/img/hierarchi
cal.png>]
</Users/federicocamarahalac/Documents/fd_work/text/waves/bin/img/network.png, i
d=772, 181.67876pt x 201.75375pt>
File: /Users/federicocamarahalac/Documents/fd_work/text/waves/bin/img/network.p
ng Graphic file (type png)
<use /Users/federicocamarahalac/Documents/fd_work/text/waves/bin/img/network.pn
g>
Package pdftex.def Info: /Users/federicocamarahalac/Documents/fd_work/text/wave
s/bin/img/network.png  used on input line 1131.
(pdftex.def)             Requested size: 93.94957pt x 104.33379pt.
 [38 </Users/federicocamarahalac/Documents/fd_work/text/waves/bin/img/network.p
ng>] [39]
</Users/federicocamarahalac/Documents/fd_work/text/waves/bin/img/relational.png
, id=801, 200.75pt x 132.495pt>
File: /Users/federicocamarahalac/Documents/fd_work/text/waves/bin/img/relationa
l.png Graphic file (type png)
<use /Users/federicocamarahalac/Documents/fd_work/text/waves/bin/img/relational
.png>
Package pdftex.def Info: /Users/federicocamarahalac/Documents/fd_work/text/wave
s/bin/img/relational.png  used on input line 1144.
(pdftex.def)             Requested size: 93.94957pt x 62.0078pt.
 [40 </Users/federicocamarahalac/Documents/fd_work/text/waves/bin/img/relationa
l.png>]
</Users/federicocamarahalac/Documents/fd_work/text/waves/bin/img/object.png, id
=826, 242.9075pt x 245.91875pt>
File: /Users/federicocamarahalac/Documents/fd_work/text/waves/bin/img/object.pn
g Graphic file (type png)
<use /Users/federicocamarahalac/Documents/fd_work/text/waves/bin/img/object.png
>
Package pdftex.def Info: /Users/federicocamarahalac/Documents/fd_work/text/wave
s/bin/img/object.png  used on input line 1163.
(pdftex.def)             Requested size: 93.94957pt x 95.11241pt.
 [41]
</Users/federicocamarahalac/Documents/fd_work/text/waves/bin/img/semistructured
.png, id=841, 609.27625pt x 328.22626pt>
File: /Users/federicocamarahalac/Documents/fd_work/text/waves/bin/img/semistruc
tured.png Graphic file (type png)
<use /Users/federicocamarahalac/Documents/fd_work/text/waves/bin/img/semistruct
ured.png>
Package pdftex.def Info: /Users/federicocamarahalac/Documents/fd_work/text/wave
s/bin/img/semistructured.png  used on input line 1172.
(pdftex.def)             Requested size: 140.92793pt x 75.91615pt.
 [42 </Users/federicocamarahalac/Documents/fd_work/text/waves/bin/img/object.pn
g> </Users/federicocamarahalac/Documents/fd_work/text/waves/bin/img/semistructu
red.png>] [43]
[44]
Overfull \hbox (2.39763pt too wide) in paragraph at lines 1203--1204
[]\T1/ptm/m/n/12 Hierarchical
 []


Underfull \hbox (badness 10000) in paragraph at lines 1211--1212
[]\T1/ptm/m/n/12 Network;
 []


Underfull \hbox (badness 10000) in paragraph at lines 1211--1212
\T1/ptm/m/n/12 Nav-i-ga-
 []


Underfull \hbox (badness 10000) in paragraph at lines 1211--1212
\T1/ptm/m/n/12 tional
 []


Underfull \hbox (badness 10000) in paragraph at lines 1212--1213
[][][]\T1/ptm/m/n/12 CODASYL[]; Gen-eral
 []


Underfull \hbox (badness 10000) in paragraph at lines 1226--1227
[]\T1/ptm/m/n/12 Non-
 []


Underfull \hbox (badness 10000) in paragraph at lines 1226--1227
\T1/ptm/m/n/12 relational
 []


Underfull \hbox (badness 10000) in paragraph at lines 1242--1243
[]\T1/ptm/m/n/12 Semantic
 []


Underfull \hbox (badness 1231) in paragraph at lines 1243--1244
[]\T1/ptm/m/n/12 U.S. Air force; J.H. ter
 []


Underfull \hbox (badness 3977) in paragraph at lines 1259--1260
\T1/ptm/m/n/12 In-stru-ments; Bell Labs;
 []


Underfull \hbox (badness 2990) in paragraph at lines 1260--1261
[]\T1/ptm/m/n/12 GemStone ([][]Smalltalk[]); Gbase ([][]LISt Pro-ces-sor[] (LIS
P)[]); [][]CouchDB[];
 []


Underfull \hbox (badness 10000) in paragraph at lines 1266--1267
[]\T1/ptm/m/n/12 Semi-
 []


Underfull \hbox (badness 10000) in paragraph at lines 1266--1267
\T1/ptm/m/n/12 Structured
 []


Underfull \hbox (badness 10000) in paragraph at lines 1274--1275
[]\T1/ptm/m/n/12 In-Memory
 []


Underfull \hbox (badness 2961) in paragraph at lines 1275--1276
[]\T1/ptm/m/n/12 Oracle; Sybase; Ex-a-sol
 []


Overfull \hbox (5.97523pt too wide) in paragraph at lines 1192--1279
[][] 
 []

[45]
</Users/federicocamarahalac/Documents/fd_work/text/waves/bin/img/mir_comp_sonif
_interaction.png, id=947, 834.11626pt x 163.61125pt>
File: /Users/federicocamarahalac/Documents/fd_work/text/waves/bin/img/mir_comp_
sonif_interaction.png Graphic file (type png)
<use /Users/federicocamarahalac/Documents/fd_work/text/waves/bin/img/mir_comp_s
onif_interaction.png>
Package pdftex.def Info: /Users/federicocamarahalac/Documents/fd_work/text/wave
s/bin/img/mir_comp_sonif_interaction.png  used on input line 1299.
(pdftex.def)             Requested size: 469.75502pt x 92.14343pt.
 [46


 </Users/federicocamarahalac/Documents/fd_work/text/waves/bin/img/mir_comp_soni
f_interaction.png>]
</Users/federicocamarahalac/Documents/fd_work/text/waves/bin/img/mir.png, id=95
9, 216.81pt x 113.42375pt>
File: /Users/federicocamarahalac/Documents/fd_work/text/waves/bin/img/mir.png G
raphic file (type png)
<use /Users/federicocamarahalac/Documents/fd_work/text/waves/bin/img/mir.png>
Package pdftex.def Info: /Users/federicocamarahalac/Documents/fd_work/text/wave
s/bin/img/mir.png  used on input line 1321.
(pdftex.def)             Requested size: 140.92793pt x 73.72974pt.

./main.tex:1325: Illegal parameter number in definition of \abx@field@title.
<to be read again> 
                   n
l.1325 ...-0812-4235}{asmita_poddar_2018_1422565},
                                                   track separation or instr...
You meant to type ## instead of #, right?
Or maybe a } was forgotten somewhere earlier, and things
are all screwed up? I'm going to assume that you meant ##.

[47 </Users/federicocamarahalac/Documents/fd_work/text/waves/bin/img/mir.png>]
[48] [49]
Overfull \hbox (3.22183pt too wide) in paragraph at lines 1370--1376
\T1/ptm/m/n/12 have been cre-ated over the years: []Goto, Hashiguchi, Nishimura
, and Oka ([]2002[]), [] Goto, Hashiguchi,
 []


Overfull \hbox (1.12213pt too wide) in paragraph at lines 1370--1376
\T1/ptm/m/n/12 Jaimovich and Knapp ([]2015[][]), Nort, Jarvis, and Palumbo ([]2
016[]), [] Def-fer-rard, Benzi, Van-dergheynst,
 []

</Users/federicocamarahalac/Documents/fd_work/text/waves/bin/img/sonif.png, id=
1139, 159.59625pt x 148.555pt>
File: /Users/federicocamarahalac/Documents/fd_work/text/waves/bin/img/sonif.png
 Graphic file (type png)
<use /Users/federicocamarahalac/Documents/fd_work/text/waves/bin/img/sonif.png>

Package pdftex.def Info: /Users/federicocamarahalac/Documents/fd_work/text/wave
s/bin/img/sonif.png  used on input line 1386.
(pdftex.def)             Requested size: 140.92793pt x 131.17987pt.
[50] [51 </Users/federicocamarahalac/Documents/fd_work/text/waves/bin/img/sonif
.png>] [52] [53] [54] [55] [56] [57]
</Users/federicocamarahalac/Documents/fd_work/text/waves/bin/img/comp.png, id=1
372, 93.34875pt x 68.255pt>
File: /Users/federicocamarahalac/Documents/fd_work/text/waves/bin/img/comp.png 
Graphic file (type png)
<use /Users/federicocamarahalac/Documents/fd_work/text/waves/bin/img/comp.png>
Package pdftex.def Info: /Users/federicocamarahalac/Documents/fd_work/text/wave
s/bin/img/comp.png  used on input line 1500.
(pdftex.def)             Requested size: 93.94957pt x 68.69745pt.
 [58] [59 </Users/federicocamarahalac/Documents/fd_work/text/waves/bin/img/comp
.png>] [60] [61] [62]
</Users/federicocamarahalac/Documents/fd_work/text/waves/bin/img/truax_generali
ty_b.png, id=1472, 840.13875pt x 550.055pt>
File: /Users/federicocamarahalac/Documents/fd_work/text/waves/bin/img/truax_gen
erality_b.png Graphic file (type png)
<use /Users/federicocamarahalac/Documents/fd_work/text/waves/bin/img/truax_gene
rality_b.png>
Package pdftex.def Info: /Users/federicocamarahalac/Documents/fd_work/text/wave
s/bin/img/truax_generality_b.png  used on input line 1544.
(pdftex.def)             Requested size: 328.82707pt x 215.28436pt.
 [63] [64 </Users/federicocamarahalac/Documents/fd_work/text/waves/bin/img/trua
x_generality_b.png>]
[65] [66] [67]
</Users/federicocamarahalac/Documents/fd_work/text/waves/bin/img/realtime.png, 
id=1592, 771.88374pt x 233.87375pt>
File: /Users/federicocamarahalac/Documents/fd_work/text/waves/bin/img/realtime.
png Graphic file (type png)
<use /Users/federicocamarahalac/Documents/fd_work/text/waves/bin/img/realtime.p
ng>
Package pdftex.def Info: /Users/federicocamarahalac/Documents/fd_work/text/wave
s/bin/img/realtime.png  used on input line 1576.
(pdftex.def)             Requested size: 422.77664pt x 128.09564pt.
 [68 </Users/federicocamarahalac/Documents/fd_work/text/waves/bin/img/realtime.
png>] [69] [70] [71] [72] [73] [74] [75] [76] [77] [78]
Overfull \hbox (6.01671pt too wide) in paragraph at lines 1675--1676
\T1/ptm/m/n/12 brows-ing, or surf-ing the In-ter-net, database travers-ing is a
 form of nav-i-ga-tion across the \T1/ptm/m/it/12 n\T1/ptm/m/n/12 -dimentional
 []

[79] [80] [81] [82] [83] [84]
</Users/federicocamarahalac/Documents/fd_work/text/waves/bin/img/intersections.
png, id=2021, 297.11pt x 192.72pt>
File: /Users/federicocamarahalac/Documents/fd_work/text/waves/bin/img/intersect
ions.png Graphic file (type png)
<use /Users/federicocamarahalac/Documents/fd_work/text/waves/bin/img/intersecti
ons.png>
Package pdftex.def Info: /Users/federicocamarahalac/Documents/fd_work/text/wave
s/bin/img/intersections.png  used on input line 1711.
(pdftex.def)             Requested size: 234.8775pt x 152.35886pt.
 [85] [86 </Users/federicocamarahalac/Documents/fd_work/text/waves/bin/img/inte
rsections.png>]
Chapter 2.
[87

] [88] [89] [90] [91] [92] [93] [94] [95] [96] [97] [98] [99] [100] [101]
[102] [103] [104] [105]
LaTeX Font Info:    Font shape `T1/ptm/bx/it' in size <12> not available
(Font)              Font shape `T1/ptm/b/it' tried instead on input line 2040.
 [106] [107] [108] [109] [110] [111] [112] [113]
[114] [115] [116] [117] [118] [119] [120] [121] [122] [123] [124] [125]
[126] [127] [128]
</Users/federicocamarahalac/Documents/fd_work/text/waves/bin/img/lorenz_plotter
.png, id=2437, 1284.8pt x 803.0pt>
File: /Users/federicocamarahalac/Documents/fd_work/text/waves/bin/img/lorenz_pl
otter.png Graphic file (type png)
<use /Users/federicocamarahalac/Documents/fd_work/text/waves/bin/img/lorenz_plo
tter.png>
Package pdftex.def Info: /Users/federicocamarahalac/Documents/fd_work/text/wave
s/bin/img/lorenz_plotter.png  used on input line 2300.
(pdftex.def)             Requested size: 328.82707pt x 205.51584pt.
 [129 </Users/federicocamarahalac/Documents/fd_work/text/waves/bin/img/lorenz_p
lotter.png>] [130] [131] [132] [133] [134] [135] [136]
[137] [138] [139] [140] [141] [142] [143]
Overfull \hbox (0.17247pt too wide) in paragraph at lines 2492--2493
 []\T1/ptm/b/n/12 Sound Syn-the-sis Paren-the-sis[] \T1/ptm/m/n/12 (Be-fore con
-tin-u-ing, a sound syn-the-sis paren-the-sis must be opened.
 []

[144] [145] [146] [147] [148] [149] [150] [151] [152] [153] [154] [155]
(/usr/local/texlive/2016basic/texmf-dist/tex/latex/listings/lstlang1.sty
File: lstlang1.sty 2018/09/02 1.7 listings language file
)
(/usr/local/texlive/2016basic/texmf-dist/tex/latex/listings/lstlang1.sty
File: lstlang1.sty 2018/09/02 1.7 listings language file
)
[156] [157] [158] [159] [160] [161] [162] [163] [164]
(/usr/local/texlive/2016basic/texmf-dist/tex/latex/listings/lstlang1.sty
File: lstlang1.sty 2018/09/02 1.7 listings language file
)
(/usr/local/texlive/2016basic/texmf-dist/tex/latex/listings/lstmisc.sty
File: lstmisc.sty 2018/09/02 1.7 (Carsten Heinz)
)
LaTeX Font Info:    Font shape `T1/ptm/bx/n' in size <10> not available
(Font)              Font shape `T1/ptm/b/n' tried instead on input line 2720.
LaTeX Font Info:    Font shape `OMS/ptm/m/n' in size <10> not available
(Font)              Font shape `OMS/cmsy/m/n' tried instead on input line 2723.


[165] [166] [167

] [168

] [169] [170] (./main.gls [171

] [172


]
Overfull \hbox (4.85855pt too wide) in paragraph at lines 40--43
[]\T1/ptm/m/n/12 a multi-disciplinary fa-cil-ity where com-
 []


Overfull \hbox (11.37546pt too wide) in paragraph at lines 43--46
[]\T1/ptm/m/n/12 The Cen-ter for Network-Centric
 []

[173]
Overfull \hbox (1.79924pt too wide) in paragraph at lines 52--54
[]\T1/ptm/m/n/12 The Cen-tre for Arab and Mediter-ranean Mu-
 []

[174]
Overfull \hbox (15.09895pt too wide) in paragraph at lines 81--84
\T1/ptm/m/n/12 tion, these sys-tems are of-ten di-verse and in-no-va-tive, brea
k-ing with tra-di-tional mu-si-cal paradigms
 []


Overfull \hbox (16.7984pt too wide) in paragraph at lines 87--90
[]
 []


Overfull \hbox (0.33513pt too wide) in paragraph at lines 97--100
[]\T1/ptm/m/n/12 A data ma-nip-u-la-tion lan-guage is a com-puter pro-gram-ming
 lan-guage
 []


Overfull \hbox (2.59088pt too wide) in paragraph at lines 103--106
[]\T1/ptm/m/n/12 The DARMS project started in 1963 by Ste-
 []

[175] [176]
Overfull \hbox (13.01028pt too wide) in paragraph at lines 137--142
\T1/ptm/m/n/12 pe-cially suited to nu-meric com-pu-ta-tion and sci-en-tific com
-put-ing. See also: []$https : / / en . wikipedia .
 []


LaTeX Warning: Citation 'Jensenius2006a' on page 177 undefined on input line 15
5.

[177]
Overfull \hbox (8.44711pt too wide) in paragraph at lines 177--180
[]\T1/ptm/m/n/12 an in-memory, column-oriented, re-la-tional database man-
 []


Overfull \hbox (26.59502pt too wide) in paragraph at lines 183--185
\T1/ptm/m/n/12 Project funded by Genome Canada. See also: []$https : / / en . w
ikipedia . org / wiki / Human _ Metabolome _
 []

[178]
Overfull \hbox (2.92647pt too wide) in paragraph at lines 211--214
[]\T1/ptm/m/n/12 a French in-sti-tute for sci-ence about
 []

[179]

LaTeX Warning: Citation 'DBLP:conf/icmc/Cambouropoulos01' on page 180 undefined
 on input line 245.


Overfull \hbox (8.8064pt too wide) in paragraph at lines 252--255
[]\T1/ptm/m/n/12 A mod-u-lar C++ soft-ware plat-form serv-ing as a data-ingesti
on en-gine suit-able for database
 []


Overfull \hbox (0.41864pt too wide) in paragraph at lines 255--259
[]\T1/ptm/m/n/12 private re-search uni-ver-sity in Cam-bridge, Mas-sachusetts.
 []


Overfull \hbox (8.89467pt too wide) in paragraph at lines 274--278
\T1/ptm/m/n/12 bines the re-la-tional Mi-crosoft Jet Database En-gine with a gr
aph-i-cal user in-ter-face and software-
 []


Overfull \hbox (2.74661pt too wide) in paragraph at lines 278--281
[]\T1/ptm/m/n/12 a cross-platform document-oriented database pro-gram. Clas-si-
fied as a NoSQL database
 []

[180]
Overfull \hbox (2.15039pt too wide) in paragraph at lines 287--290
\T1/ptm/m/n/12 tion, com-pu-ta-tional in-tel-li-gence or some com-bi-na-tion of
 these. See also: []$https : / / en . wikipedia .
 []


Overfull \hbox (31.41385pt too wide) in paragraph at lines 313--316
\T1/ptm/m/n/12 ma-tion on mu-si-cal in-stru-ments held in pub-lic col-lec-tions
. See also: []$http : / / www . mimo-[]international .
 []

[181] [182]
Overfull \hbox (5.21861pt too wide) in paragraph at lines 377--377
[]\T1/ptm/m/n/12 In par-ti-cle physics, quan-tum elec-tro-dy-nam-ics is the rel
-a-tivis-tic quan-
 []


Overfull \hbox (50.06606pt too wide) in paragraph at lines 377--377
\T1/ptm/m/n/12 tum field the-ory of elec-tro-dy-nam-ics See also: []$https : / 
/ en . wikipedia . org / wiki / Quantum _ electrodynamics$[].
 []


Overfull \hbox (3.89984pt too wide) in paragraph at lines 381--384
[]\T1/ptm/m/n/12 an ACID-compliant em-bed-ded database man-age-ment sys-tem de-
signed
 []

[183]
Overfull \hbox (2.17123pt too wide) in paragraph at lines 403--403
[]\T1/ptm/m/n/12 The In-ter-na-tional In-ven-tory of Mu-si-cal Sources
 []

[184]

LaTeX Warning: Citation 'icmc/bbp2372.1999.411' on page 185 undefined on input 
line 441.


Overfull \hbox (48.02286pt too wide) in paragraph at lines 441--445
[]
 []

[185]
Overfull \hbox (1.8719pt too wide) in paragraph at lines 458--458
[]\T1/ptm/m/n/12 a World Wide Web Con-sor-tium rec-om-mended
 []


Overfull \hbox (2.27069pt too wide) in paragraph at lines 458--458
\T1/ptm/m/n/12 other things. See also: []$https : / / en . wikipedia . org / wi
ki / Synchronized _ Multimedia _ Integration _
 []

[186] [187]) (./main.acr [188]
Overfull \hbox (6.7435pt too wide) in paragraph at lines 64--68
[]\T1/ptm/m/n/12 Real-Time Corpus-Based Con-cate-na-tive Syn-the-sis[]. []76[],
 []171[], \T1/ptm/m/it/12 Glos-sary: []\T1/ptm/m/n/12 Real-Time Corpus-
 []

[189


]
Overfull \hbox (8.00334pt too wide) in paragraph at lines 85--89
[]\T1/ptm/m/n/12 Centre des Musiques Arabes et Mediter-ra-neennes[]. []48[], []
171[], \T1/ptm/m/it/12 Glos-sary: []\T1/ptm/m/n/12 Cen-tre des Musiques
 []

[190] [191] [192] [193]
Overfull \hbox (9.88765pt too wide) in paragraph at lines 508--508
[]\T1/ptm/m/n/12 Speech Trans-for-ma-tion and Rep-re-sen-ta-tion us-ing Adap-ti
ve In-ter-po-la-tion of weiGHTed
 []

[194]) [195] [196

] [197]
Overfull \hbox (10.80641pt too wide) in paragraph at lines 2910--2910
\T1/ptm/m/n/12 Louisiana, USA: Louisiana State Uni-ver-sity. Re-trieved from []
$http : / / www . nime . org / proceedings /
 []

[198] [199] [200] [201] [202]
Overfull \hbox (13.96663pt too wide) in paragraph at lines 2910--2910
\T1/ptm/m/n/12 for au-to-matic chord tran-scrip-tion and corpus-based re-search
. In E. Gmez, X. Hu, E. Humphrey,
 []


Overfull \hbox (4.39261pt too wide) in paragraph at lines 2910--2910
[]\T1/ptm/m/n/12 Fonseca, E., Pons, J., Fa-vory, X., Font, F., Bog-danov, D., F
er-raro, A., ... Serra, X. (2017). Freesound
 []

[203] [204]
Overfull \hbox (10.80641pt too wide) in paragraph at lines 2910--2910
\T1/ptm/m/n/12 Louisiana, USA: Louisiana State Uni-ver-sity. Re-trieved from []
$http : / / www . nime . org / proceedings /
 []

[205] [206]
Overfull \hbox (8.07442pt too wide) in paragraph at lines 2910--2910
[]\T1/ptm/m/n/12 Latour, B. (1993). \T1/ptm/m/it/12 We have never been mod-ern\
T1/ptm/m/n/12 . Har-vard Uni-ver-sity Press Cam-bridge, Mas-sachusetts. 
 []

[207] [208] [209]
Overfull \hbox (11.96437pt too wide) in paragraph at lines 2910--2910
\T1/ptm/m/n/12 Shapes of MIMO database. \T1/ptm/m/it/12 arXiv e-prints\T1/ptm/m
/n/12 , arXiv:1808.02848. arXiv: []$1808 . 02848$ \T1/pcr/m/n/12 [stat.AP][] 
 []

./main.tex:2910: Illegal parameter number in definition of \abx@field@title.
<to be read again> 
                   n
l.2910 \addcontentsline
                       {toc}{chapter}{Bibliography}
You meant to type ## instead of #, right?
Or maybe a } was forgotten somewhere earlier, and things
are all screwed up? I'm going to assume that you meant ##.

./main.tex:2910: Illegal parameter number in definition of \@tempa.
<to be read again> 
                   n
l.2910 \addcontentsline
                       {toc}{chapter}{Bibliography}
You meant to type ## instead of #, right?
Or maybe a } was forgotten somewhere earlier, and things
are all screwed up? I'm going to assume that you meant ##.

./main.tex:2910: Illegal parameter number in definition of \blx@tempa.
<to be read again> 
                   n
l.2910 \addcontentsline
                       {toc}{chapter}{Bibliography}
You meant to type ## instead of #, right?
Or maybe a } was forgotten somewhere earlier, and things
are all screwed up? I'm going to assume that you meant ##.

./main.tex:2910: You can't use `macro parameter character #' in horizontal mode
.
\blx@tempa ->\endgroup {##
                          nowplaying-RS: A New Benchmark Dataset for Buildin...
l.2910 \addcontentsline
                       {toc}{chapter}{Bibliography}
Sorry, but I'm not programmed to handle this case;
I'll just pretend that you didn't ask for it.
If you're in the wrong mode, you might be able to
return to the right one by typing `I}' or `I$' or `I\par'.

[210] [211] [212]
Overfull \hbox (0.17679pt too wide) in paragraph at lines 2910--2910
[]\T1/ptm/m/n/12 Schwarz, D., & Schnell, N. (2009). Sound Search by Content-bas
ed Nav-i-ga-tion in Large Databases.
 []

[213] [214] [215]
Overfull \hbox (0.32774pt too wide) in paragraph at lines 2910--2910
[]\T1/ptm/m/n/12 Yang, C. (2001). \T1/ptm/m/it/12 Mu-sic database re-trieval ba
sed on spec-tral sim-i-lar-ity \T1/ptm/m/n/12 (Tech-ni-cal Re-port No. 2001-
 []

[216]
Package atveryend Info: Empty hook `BeforeClearDocument' on input line 2912.
 [217]
Package atveryend Info: Empty hook `AfterLastShipout' on input line 2912.
 (./main.aux)
Package atveryend Info: Executing hook `AtVeryEndDocument' on input line 2912.
Package atveryend Info: Executing hook `AtEndAfterFileList' on input line 2912.

Package rerunfilecheck Info: File `main.out' has not changed.
(rerunfilecheck)             Checksum: 784C8E913A9609C2F99081E083EA1D46;10066.


LaTeX Warning: There were undefined references.


Package biblatex Warning: Please (re)run Biber on the file:
(biblatex)                main
(biblatex)                and rerun LaTeX afterwards.

Package logreq Info: Writing requests to 'main.run.xml'.
\openout1 = `main.run.xml'.

Package atveryend Info: Empty hook `AtVeryVeryEnd' on input line 2912.
 ) 
Here is how much of TeX's memory you used:
 44332 strings out of 494062
 782105 string characters out of 6163057
 1762474 words of memory out of 5000000
 46425 multiletter control sequences out of 15000+600000
 586020 words of font info for 80 fonts, out of 8000000 for 9000
 319 hyphenation exceptions out of 8191
 69i,10n,107p,4027b,3993s stack positions out of 5000i,500n,10000p,200000b,80000s
pdfTeX warning (dest): name{Hfootnote.45} has been referenced but does not ex
ist, replaced by a fixed one

pdfTeX warning (dest): name{Hfootnote.44} has been referenced but does not exis
t, replaced by a fixed one

pdfTeX warning (dest): name{Hfootnote.43} has been referenced but does not exis
t, replaced by a fixed one

pdfTeX warning (dest): name{Hfootnote.42} has been referenced but does not exis
t, replaced by a fixed one

pdfTeX warning (dest): name{Hfootnote.41} has been referenced but does not exis
t, replaced by a fixed one

pdfTeX warning (dest): name{Hfootnote.38} has been referenced but does not exis
t, replaced by a fixed one

pdfTeX warning (dest): name{Hfootnote.40} has been referenced but does not exis
t, replaced by a fixed one

pdfTeX warning (dest): name{Hfootnote.39} has been referenced but does not exis
t, replaced by a fixed one

pdfTeX warning (dest): name{Hfootnote.37} has been referenced but does not exis
t, replaced by a fixed one

pdfTeX warning (dest): name{Hfootnote.36} has been referenced but does not exis
t, replaced by a fixed one

pdfTeX warning (dest): name{Hfootnote.35} has been referenced but does not exis
t, replaced by a fixed one

pdfTeX warning (dest): name{Hfootnote.34} has been referenced but does not exis
t, replaced by a fixed one

pdfTeX warning (dest): name{Hfootnote.33} has been referenced but does not exis
t, replaced by a fixed one

pdfTeX warning (dest): name{Hfootnote.32} has been referenced but does not exis
t, replaced by a fixed one

pdfTeX warning (dest): name{Hfootnote.31} has been referenced but does not exis
t, replaced by a fixed one

pdfTeX warning (dest): name{Hfootnote.30} has been referenced but does not exis
t, replaced by a fixed one

pdfTeX warning (dest): name{Hfootnote.29} has been referenced but does not exis
t, replaced by a fixed one

pdfTeX warning (dest): name{Hfootnote.28} has been referenced but does not exis
t, replaced by a fixed one

pdfTeX warning (dest): name{Hfootnote.27} has been referenced but does not exis
t, replaced by a fixed one

pdfTeX warning (dest): name{Hfootnote.26} has been referenced but does not exis
t, replaced by a fixed one

pdfTeX warning (dest): name{Hfootnote.25} has been referenced but does not exis
t, replaced by a fixed one

pdfTeX warning (dest): name{Hfootnote.24} has been referenced but does not exis
t, replaced by a fixed one

pdfTeX warning (dest): name{Hfootnote.23} has been referenced but does not exis
t, replaced by a fixed one

pdfTeX warning (dest): name{Hfootnote.22} has been referenced but does not exis
t, replaced by a fixed one

pdfTeX warning (dest): name{Hfootnote.21} has been referenced but does not exis
t, replaced by a fixed one

pdfTeX warning (dest): name{Hfootnote.20} has been referenced but does not exis
t, replaced by a fixed one

pdfTeX warning (dest): name{Hfootnote.19} has been referenced but does not exis
t, replaced by a fixed one

pdfTeX warning (dest): name{Hfootnote.18} has been referenced but does not exis
t, replaced by a fixed one

pdfTeX warning (dest): name{Hfootnote.17} has been referenced but does not exis
t, replaced by a fixed one

pdfTeX warning (dest): name{Hfootnote.16} has been referenced but does not exis
t, replaced by a fixed one

pdfTeX warning (dest): name{Hfootnote.15} has been referenced but does not exis
t, replaced by a fixed one

pdfTeX warning (dest): name{Hfootnote.14} has been referenced but does not exis
t, replaced by a fixed one

pdfTeX warning (dest): name{Hfootnote.13} has been referenced but does not exis
t, replaced by a fixed one

pdfTeX warning (dest): name{Hfootnote.12} has been referenced but does not exis
t, replaced by a fixed one

pdfTeX warning (dest): name{Hfootnote.11} has been referenced but does not exis
t, replaced by a fixed one

pdfTeX warning (dest): name{Hfootnote.10} has been referenced but does not exis
t, replaced by a fixed one

pdfTeX warning (dest): name{Hfootnote.9} has been referenced but does not exist
, replaced by a fixed one

pdfTeX warning (dest): name{Hfootnote.8} has been referenced but does not exist
, replaced by a fixed one

pdfTeX warning (dest): name{Hfootnote.7} has been referenced but does not exist
, replaced by a fixed one

pdfTeX warning (dest): name{Hfootnote.6} has been referenced but does not exist
, replaced by a fixed one

pdfTeX warning (dest): name{Hfootnote.5} has been referenced but does not exist
, replaced by a fixed one

pdfTeX warning (dest): name{Hfootnote.4} has been referenced but does not exist
, replaced by a fixed one

pdfTeX warning (dest): name{Hfootnote.3} has been referenced but does not exist
, replaced by a fixed one

pdfTeX warning (dest): name{Hfootnote.2} has been referenced but does not exist
, replaced by a fixed one

pdfTeX warning (dest): name{Hfootnote.1} has been referenced but does not exist
, replaced by a fixed one

{/usr/local/texlive/2016basic/texmf-dist/fonts/enc/dvips/base/8r.enc}</usr/loca
l/texlive/2016basic/texmf-dist/fonts/type1/public/amsfonts/cm/cmmi10.pfb></usr/
local/texlive/2016basic/texmf-dist/fonts/type1/public/amsfonts/cm/cmmi12.pfb></
usr/local/texlive/2016basic/texmf-dist/fonts/type1/public/amsfonts/cm/cmr7.pfb>
</usr/local/texlive/2016basic/texmf-dist/fonts/type1/public/amsfonts/cm/cmsy10.
pfb></usr/local/texlive/2016basic/texmf-dist/fonts/type1/urw/courier/ucrb8a.pfb
></usr/local/texlive/2016basic/texmf-dist/fonts/type1/urw/courier/ucrr8a.pfb></
usr/local/texlive/2016basic/texmf-dist/fonts/type1/urw/times/utmb8a.pfb></usr/l
ocal/texlive/2016basic/texmf-dist/fonts/type1/urw/times/utmbi8a.pfb></usr/local
/texlive/2016basic/texmf-dist/fonts/type1/urw/times/utmr8a.pfb></usr/local/texl
ive/2016basic/texmf-dist/fonts/type1/urw/times/utmri8a.pfb>
Output written on main.pdf (230 pages, 1460620 bytes).
PDF statistics:
 4873 PDF objects out of 5155 (max. 8388607)
 4566 compressed objects within 46 object streams
 1228 named destinations out of 1440 (max. 500000)
 548 words of extra memory for PDF output out of 10000 (max. 10000000)

